# JRE version: Java(TM) SE Runtime Environment (8.0_144-b01) (build 1.8.0_144-b01)
# Java VM: Java HotSpot(TM) 64-Bit Server VM (25.144-b01 mixed mode linux-amd64 compressed oops)
Heap:
 def new generation   total 629248K, used 45733K [0x0000000700000000, 0x000000072aac0000, 0x0000000740000000)
  eden space 559360K,   8% used [0x0000000700000000, 0x0000000702ca94c0, 0x0000000722240000)
  from space 69888K,   0% used [0x0000000726680000, 0x0000000726680000, 0x000000072aac0000)
  to   space 69888K,   0% used [0x0000000722240000, 0x0000000722240000, 0x0000000726680000)
 tenured generation   total 1483008K, used 1483003K [0x0000000740000000, 0x000000079a840000, 0x00000007c0000000)
   the space 1483008K,  99% used [0x0000000740000000, 0x000000079a83ed40, 0x000000079a83ee00, 0x000000079a840000)
 Metaspace       used 42552K, capacity 42974K, committed 43224K, reserved 1087488K
  class space    used 6034K, capacity 6142K, committed 6144K, reserved 1048576K
GC Heap History (10 events):
Event: 54.638 GC heap after
Heap after GC invocations=6 (full 2):
 def new generation   total 629248K, used 67960K [0x0000000700000000, 0x000000072aac0000, 0x0000000740000000)
  eden space 559360K,   0% used [0x0000000700000000, 0x0000000700000000, 0x0000000722240000)
  from space 69888K,  97% used [0x0000000722240000, 0x000000072649e368, 0x0000000726680000)
  to   space 69888K,   0% used [0x0000000726680000, 0x0000000726680000, 0x000000072aac0000)
 tenured generation   total 1398144K, used 180963K [0x0000000740000000, 0x0000000795560000, 0x00000007c0000000)
   the space 1398144K,  12% used [0x0000000740000000, 0x000000074b0b8ee8, 0x000000074b0b9000, 0x0000000795560000)
 Metaspace       used 42274K, capacity 42718K, committed 42968K, reserved 1085440K
  class space    used 6026K, capacity 6142K, committed 6144K, reserved 1048576K
}
Event: 60.412 GC heap before
{Heap before GC invocations=6 (full 2):
 def new generation   total 629248K, used 627320K [0x0000000700000000, 0x000000072aac0000, 0x0000000740000000)
  eden space 559360K, 100% used [0x0000000700000000, 0x0000000722240000, 0x0000000722240000)
  from space 69888K,  97% used [0x0000000722240000, 0x000000072649e368, 0x0000000726680000)
  to   space 69888K,   0% used [0x0000000726680000, 0x0000000726680000, 0x000000072aac0000)
 tenured generation   total 1398144K, used 180963K [0x0000000740000000, 0x0000000795560000, 0x00000007c0000000)
   the space 1398144K,  12% used [0x0000000740000000, 0x000000074b0b8ee8, 0x000000074b0b9000, 0x0000000795560000)
 Metaspace       used 42341K, capacity 42782K, committed 42968K, reserved 1085440K
  class space    used 6026K, capacity 6142K, committed 6144K, reserved 1048576K
Event: 60.646 GC heap after
Heap after GC invocations=7 (full 2):
 def new generation   total 629248K, used 68565K [0x0000000700000000, 0x000000072aac0000, 0x0000000740000000)
  eden space 559360K,   0% used [0x0000000700000000, 0x0000000700000000, 0x0000000722240000)
  from space 69888K,  98% used [0x0000000726680000, 0x000000072a975748, 0x000000072aac0000)
  to   space 69888K,   0% used [0x0000000722240000, 0x0000000722240000, 0x0000000726680000)
 tenured generation   total 1398144K, used 216650K [0x0000000740000000, 0x0000000795560000, 0x00000007c0000000)
   the space 1398144K,  15% used [0x0000000740000000, 0x000000074d392a20, 0x000000074d392c00, 0x0000000795560000)
 Metaspace       used 42341K, capacity 42782K, committed 42968K, reserved 1085440K
  class space    used 6026K, capacity 6142K, committed 6144K, reserved 1048576K
}
Event: 66.499 GC heap before
{Heap before GC invocations=7 (full 2):
 def new generation   total 629248K, used 627925K [0x0000000700000000, 0x000000072aac0000, 0x0000000740000000)
  eden space 559360K, 100% used [0x0000000700000000, 0x0000000722240000, 0x0000000722240000)
  from space 69888K,  98% used [0x0000000726680000, 0x000000072a975748, 0x000000072aac0000)
  to   space 69888K,   0% used [0x0000000722240000, 0x0000000722240000, 0x0000000726680000)
 tenured generation   total 1398144K, used 216650K [0x0000000740000000, 0x0000000795560000, 0x00000007c0000000)
   the space 1398144K,  15% used [0x0000000740000000, 0x000000074d392a20, 0x000000074d392c00, 0x0000000795560000)
 Metaspace       used 42398K, capacity 42846K, committed 42968K, reserved 1085440K
  class space    used 6026K, capacity 6142K, committed 6144K, reserved 1048576K
Event: 66.666 GC heap after
Heap after GC invocations=8 (full 2):
 def new generation   total 629248K, used 51913K [0x0000000700000000, 0x000000072aac0000, 0x0000000740000000)
  eden space 559360K,   0% used [0x0000000700000000, 0x0000000700000000, 0x0000000722240000)
  from space 69888K,  74% used [0x0000000722240000, 0x00000007254f2740, 0x0000000726680000)
  to   space 69888K,   0% used [0x0000000726680000, 0x0000000726680000, 0x000000072aac0000)
 tenured generation   total 1398144K, used 249103K [0x0000000740000000, 0x0000000795560000, 0x00000007c0000000)
   the space 1398144K,  17% used [0x0000000740000000, 0x000000074f343c60, 0x000000074f343e00, 0x0000000795560000)
 Metaspace       used 42398K, capacity 42846K, committed 42968K, reserved 1085440K
  class space    used 6026K, capacity 6142K, committed 6144K, reserved 1048576K
}
Event: 73.658 GC heap before
{Heap before GC invocations=8 (full 2):
 def new generation   total 629248K, used 611273K [0x0000000700000000, 0x000000072aac0000, 0x0000000740000000)
  eden space 559360K, 100% used [0x0000000700000000, 0x0000000722240000, 0x0000000722240000)
  from space 69888K,  74% used [0x0000000722240000, 0x00000007254f2740, 0x0000000726680000)
  to   space 69888K,   0% used [0x0000000726680000, 0x0000000726680000, 0x000000072aac0000)
 tenured generation   total 1398144K, used 249103K [0x0000000740000000, 0x0000000795560000, 0x00000007c0000000)
   the space 1398144K,  17% used [0x0000000740000000, 0x000000074f343c60, 0x000000074f343e00, 0x0000000795560000)
 Metaspace       used 42552K, capacity 42974K, committed 43224K, reserved 1087488K
  class space    used 6034K, capacity 6142K, committed 6144K, reserved 1048576K
Event: 73.932 GC heap after
Heap after GC invocations=9 (full 2):
 def new generation   total 629248K, used 69888K [0x0000000700000000, 0x000000072aac0000, 0x0000000740000000)
  eden space 559360K,   0% used [0x0000000700000000, 0x0000000700000000, 0x0000000722240000)
  from space 69888K, 100% used [0x0000000726680000, 0x000000072aac0000, 0x000000072aac0000)
  to   space 69888K,   0% used [0x0000000722240000, 0x0000000722240000, 0x0000000726680000)
 tenured generation   total 1398144K, used 369971K [0x0000000740000000, 0x0000000795560000, 0x00000007c0000000)
   the space 1398144K,  26% used [0x0000000740000000, 0x000000075694cde8, 0x000000075694ce00, 0x0000000795560000)
 Metaspace       used 42552K, capacity 42974K, committed 43224K, reserved 1087488K
  class space    used 6034K, capacity 6142K, committed 6144K, reserved 1048576K
}
Event: 75.108 GC heap before
{Heap before GC invocations=9 (full 2):
 def new generation   total 629248K, used 629248K [0x0000000700000000, 0x000000072aac0000, 0x0000000740000000)
  eden space 559360K, 100% used [0x0000000700000000, 0x0000000722240000, 0x0000000722240000)
  from space 69888K, 100% used [0x0000000726680000, 0x000000072aac0000, 0x000000072aac0000)
  to   space 69888K,   0% used [0x0000000722240000, 0x0000000722240000, 0x0000000726680000)
 tenured generation   total 1398144K, used 369971K [0x0000000740000000, 0x0000000795560000, 0x00000007c0000000)
   the space 1398144K,  26% used [0x0000000740000000, 0x000000075694cde8, 0x000000075694ce00, 0x0000000795560000)
 Metaspace       used 42552K, capacity 42974K, committed 43224K, reserved 1087488K
  class space    used 6034K, capacity 6142K, committed 6144K, reserved 1048576K
Event: 77.654 GC heap after
Heap after GC invocations=10 (full 2):
 def new generation   total 629248K, used 69887K [0x0000000700000000, 0x000000072aac0000, 0x0000000740000000)
  eden space 559360K,   0% used [0x0000000700000000, 0x0000000700000000, 0x0000000722240000)
  from space 69888K,  99% used [0x0000000722240000, 0x000000072667fc10, 0x0000000726680000)
  to   space 69888K,   0% used [0x0000000726680000, 0x0000000726680000, 0x000000072aac0000)
 tenured generation   total 1398144K, used 925761K [0x0000000740000000, 0x0000000795560000, 0x00000007c0000000)
   the space 1398144K,  66% used [0x0000000740000000, 0x0000000778810548, 0x0000000778810600, 0x0000000795560000)
 Metaspace       used 42552K, capacity 42974K, committed 43224K, reserved 1087488K
  class space    used 6034K, capacity 6142K, committed 6144K, reserved 1048576K
}
Event: 79.745 GC heap before
{Heap before GC invocations=10 (full 2):
 def new generation   total 629248K, used 629247K [0x0000000700000000, 0x000000072aac0000, 0x0000000740000000)
  eden space 559360K, 100% used [0x0000000700000000, 0x0000000722240000, 0x0000000722240000)
  from space 69888K,  99% used [0x0000000722240000, 0x000000072667fc10, 0x0000000726680000)
  to   space 69888K,   0% used [0x0000000726680000, 0x0000000726680000, 0x000000072aac0000)
 tenured generation   total 1398144K, used 925761K [0x0000000740000000, 0x0000000795560000, 0x00000007c0000000)
   the space 1398144K,  66% used [0x0000000740000000, 0x0000000778810548, 0x0000000778810600, 0x0000000795560000)
 Metaspace       used 42552K, capacity 42974K, committed 43224K, reserved 1087488K
  class space    used 6034K, capacity 6142K, committed 6144K, reserved 1048576K

